Build started 2020/5/30 20:45:52.
     1>Project "F:\aps\bin\src\APS.vcxproj" on node 2 (build target(s)).
     1>InitializeBuildStatus:
         Creating "APS.dir\Debug\APS.unsuccessfulbuild" because "AlwaysCreate" was specified.
       CustomBuild:
         All outputs are up-to-date.
       ClCompile:
         D:\visualstudio10\VC\bin\x86_amd64\CL.exe /c /IF:\aps\src\..\include /Zi /nologo /W3 /WX- /Od /Ob0 /D WIN32 /D _WINDOWS /D USE_CPU /D _CRT_SECURE_NO_DEPRECATE /D "CMAKE_INTDIR=\"Debug\"" /D _MBCS /Gm- /EHsc /RTC1 /MDd /GS /fp:precise /Zc:wchar_t /Zc:forScope /GR /Fo"APS.dir\Debug\\" /Fd"APS.dir\Debug\vc100.pdb" /Gd /TP /errorReport:prompt ..\..\src\City.cpp ..\..\src\People.cpp ..\..\src\ReadData.cpp ..\..\src\main.cpp
         City.cpp
         People.cpp
         ReadData.cpp
         main.cpp
         Generating Code...
       ManifestResourceCompile:
         All outputs are up-to-date.
       Link:
         D:\visualstudio10\VC\bin\x86_amd64\link.exe /ERRORREPORT:PROMPT /OUT:"F:\aps\bin\Debug\APS.exe" /INCREMENTAL /NOLOGO /LIBPATH:F:/aps/src/../lib /LIBPATH:F:/aps/src/../lib/Debug sqlapi.lib kernel32.lib user32.lib gdi32.lib winspool.lib shell32.lib ole32.lib oleaut32.lib uuid.lib comdlg32.lib advapi32.lib /MANIFEST /ManifestFile:"APS.dir\Debug\APS.exe.intermediate.manifest" /MANIFESTUAC:"level='asInvoker' uiAccess='false'" /DEBUG /PDB:"F:/aps/bin/Debug/APS.pdb" /SUBSYSTEM:CONSOLE /TLBID:1 /DYNAMICBASE /NXCOMPAT /IMPLIB:"F:/aps/bin/Debug/APS.lib" /MACHINE:X64 APS.dir\Debug\APS.exe.embed.manifest.res
         APS.dir\Debug\main.obj
         APS.dir\Debug\City.obj
         APS.dir\Debug\People.obj
         APS.dir\Debug\ReadData.obj  /machine:x64
         APS.vcxproj -> F:\aps\bin\Debug\APS.exe
       Manifest:
         C:\Program Files (x86)\Microsoft SDKs\Windows\v7.0A\bin\mt.exe /nologo /verbose /out:"APS.dir\Debug\APS.exe.embed.manifest" /manifest APS.dir\Debug\APS.exe.intermediate.manifest
         All outputs are up-to-date.
       LinkEmbedManifest:
         All outputs are up-to-date.
         APS.vcxproj -> F:\aps\bin\Debug\APS.exe
       FinalizeBuildStatus:
         Deleting file "APS.dir\Debug\APS.unsuccessfulbuild".
         Touching "APS.dir\Debug\APS.lastbuildstate".
     1>Done Building Project "F:\aps\bin\src\APS.vcxproj" (build target(s)).

Build succeeded.

Time Elapsed 00:00:01.60
